2020-08-08 22:47:22,319 INFO com.qdm.cgassessment.CareGiverAssessmentServiceApplication [restartedMain] Starting CareGiverAssessmentServiceApplication on DESKTOP-JUID77J with PID 14256 (D:\example\care-giver-assessment-service\target\classes started by Arul in D:\example\care-giver-assessment-service)
2020-08-08 22:47:22,319 DEBUG com.qdm.cgassessment.CareGiverAssessmentServiceApplication [restartedMain] Running with Spring Boot v2.3.2.RELEASE, Spring v5.2.8.RELEASE
2020-08-08 22:47:22,319 INFO com.qdm.cgassessment.CareGiverAssessmentServiceApplication [restartedMain] The following profiles are active: dev
2020-08-08 22:47:33,511 INFO com.qdm.cgassessment.CareGiverAssessmentServiceApplication [restartedMain] Starting CareGiverAssessmentServiceApplication on DESKTOP-JUID77J with PID 13532 (D:\example\care-giver-assessment-service\target\classes started by Arul in D:\example\care-giver-assessment-service)
2020-08-08 22:47:33,527 DEBUG com.qdm.cgassessment.CareGiverAssessmentServiceApplication [restartedMain] Running with Spring Boot v2.3.2.RELEASE, Spring v5.2.8.RELEASE
2020-08-08 22:47:33,527 INFO com.qdm.cgassessment.CareGiverAssessmentServiceApplication [restartedMain] The following profiles are active: dev
2020-08-08 22:47:45,613 INFO com.qdm.cgassessment.CareGiverAssessmentServiceApplication [restartedMain] Started CareGiverAssessmentServiceApplication in 13.032 seconds (JVM running for 14.749)
2020-08-08 22:48:01,926 INFO com.qdm.cgassessment.serviceimpl.InitialAssessmentServiceImpl [http-nio-8080-exec-1] Social model values SocialHistoryAssessmentModel(id=0, marital_status=Single, present_occupation=developer, past_occupation=developer, religion_of_family=hindu, emotional_status=Supportive, financial_status=Good, other_social_problems=no, genogram_tree=null)
2020-08-08 22:51:56,775 INFO com.qdm.cgassessment.CareGiverAssessmentServiceApplication [restartedMain] Starting CareGiverAssessmentServiceApplication on DESKTOP-JUID77J with PID 13532 (D:\example\care-giver-assessment-service\target\classes started by Arul in D:\example\care-giver-assessment-service)
2020-08-08 22:51:56,775 DEBUG com.qdm.cgassessment.CareGiverAssessmentServiceApplication [restartedMain] Running with Spring Boot v2.3.2.RELEASE, Spring v5.2.8.RELEASE
2020-08-08 22:51:56,775 INFO com.qdm.cgassessment.CareGiverAssessmentServiceApplication [restartedMain] The following profiles are active: dev
2020-08-08 22:52:00,135 INFO com.qdm.cgassessment.CareGiverAssessmentServiceApplication [restartedMain] Started CareGiverAssessmentServiceApplication in 3.416 seconds (JVM running for 269.262)
2020-08-08 22:52:53,116 INFO com.qdm.cgassessment.CareGiverAssessmentServiceApplication [restartedMain] Starting CareGiverAssessmentServiceApplication on DESKTOP-JUID77J with PID 13532 (D:\example\care-giver-assessment-service\target\classes started by Arul in D:\example\care-giver-assessment-service)
2020-08-08 22:52:53,116 DEBUG com.qdm.cgassessment.CareGiverAssessmentServiceApplication [restartedMain] Running with Spring Boot v2.3.2.RELEASE, Spring v5.2.8.RELEASE
2020-08-08 22:52:53,116 INFO com.qdm.cgassessment.CareGiverAssessmentServiceApplication [restartedMain] The following profiles are active: dev
2020-08-08 22:52:56,909 INFO com.qdm.cgassessment.CareGiverAssessmentServiceApplication [restartedMain] Started CareGiverAssessmentServiceApplication in 3.873 seconds (JVM running for 326.037)
2020-08-09 11:06:31,018 INFO com.qdm.cgassessment.CareGiverAssessmentServiceApplication [restartedMain] Starting CareGiverAssessmentServiceApplication on DESKTOP-JUID77J with PID 956 (D:\example\care-giver-assessment-service\target\classes started by Arul in D:\example\care-giver-assessment-service)
2020-08-09 11:06:31,028 DEBUG com.qdm.cgassessment.CareGiverAssessmentServiceApplication [restartedMain] Running with Spring Boot v2.3.2.RELEASE, Spring v5.2.8.RELEASE
2020-08-09 11:06:31,028 INFO com.qdm.cgassessment.CareGiverAssessmentServiceApplication [restartedMain] The following profiles are active: dev
2020-08-09 11:06:41,168 INFO com.qdm.cgassessment.CareGiverAssessmentServiceApplication [restartedMain] Started CareGiverAssessmentServiceApplication in 10.9 seconds (JVM running for 12.2)
2020-08-09 11:08:59,567 INFO com.qdm.cgassessment.CareGiverAssessmentServiceApplication [restartedMain] Starting CareGiverAssessmentServiceApplication on DESKTOP-JUID77J with PID 956 (D:\example\care-giver-assessment-service\target\classes started by Arul in D:\example\care-giver-assessment-service)
2020-08-09 11:08:59,567 DEBUG com.qdm.cgassessment.CareGiverAssessmentServiceApplication [restartedMain] Running with Spring Boot v2.3.2.RELEASE, Spring v5.2.8.RELEASE
2020-08-09 11:08:59,568 INFO com.qdm.cgassessment.CareGiverAssessmentServiceApplication [restartedMain] The following profiles are active: dev
2020-08-09 11:09:25,701 INFO com.qdm.cgassessment.CareGiverAssessmentServiceApplication [restartedMain] Starting CareGiverAssessmentServiceApplication on DESKTOP-JUID77J with PID 10424 (D:\example\care-giver-assessment-service\target\classes started by Arul in D:\example\care-giver-assessment-service)
2020-08-09 11:09:25,705 DEBUG com.qdm.cgassessment.CareGiverAssessmentServiceApplication [restartedMain] Running with Spring Boot v2.3.2.RELEASE, Spring v5.2.8.RELEASE
2020-08-09 11:09:25,706 INFO com.qdm.cgassessment.CareGiverAssessmentServiceApplication [restartedMain] The following profiles are active: dev
2020-08-09 11:10:54,526 INFO com.qdm.cgassessment.CareGiverAssessmentServiceApplication [restartedMain] Starting CareGiverAssessmentServiceApplication on DESKTOP-JUID77J with PID 15240 (D:\example\care-giver-assessment-service\target\classes started by Arul in D:\example\care-giver-assessment-service)
2020-08-09 11:10:54,530 DEBUG com.qdm.cgassessment.CareGiverAssessmentServiceApplication [restartedMain] Running with Spring Boot v2.3.2.RELEASE, Spring v5.2.8.RELEASE
2020-08-09 11:10:54,530 INFO com.qdm.cgassessment.CareGiverAssessmentServiceApplication [restartedMain] The following profiles are active: dev
2020-08-09 11:22:18,707 INFO com.qdm.cgassessment.CareGiverAssessmentServiceApplication [restartedMain] Starting CareGiverAssessmentServiceApplication on DESKTOP-JUID77J with PID 10424 (D:\example\care-giver-assessment-service\target\classes started by Arul in D:\example\care-giver-assessment-service)
2020-08-09 11:22:18,721 DEBUG com.qdm.cgassessment.CareGiverAssessmentServiceApplication [restartedMain] Running with Spring Boot v2.3.2.RELEASE, Spring v5.2.8.RELEASE
2020-08-09 11:22:18,722 INFO com.qdm.cgassessment.CareGiverAssessmentServiceApplication [restartedMain] The following profiles are active: dev
2020-08-09 11:22:31,193 INFO com.qdm.cgassessment.CareGiverAssessmentServiceApplication [restartedMain] Started CareGiverAssessmentServiceApplication in 13.186 seconds (JVM running for 14.374)
2020-08-09 11:24:08,216 INFO com.qdm.cgassessment.CareGiverAssessmentServiceApplication [restartedMain] Starting CareGiverAssessmentServiceApplication on DESKTOP-JUID77J with PID 10424 (D:\example\care-giver-assessment-service\target\classes started by Arul in D:\example\care-giver-assessment-service)
2020-08-09 11:24:08,216 DEBUG com.qdm.cgassessment.CareGiverAssessmentServiceApplication [restartedMain] Running with Spring Boot v2.3.2.RELEASE, Spring v5.2.8.RELEASE
2020-08-09 11:24:08,217 INFO com.qdm.cgassessment.CareGiverAssessmentServiceApplication [restartedMain] The following profiles are active: dev
2020-08-09 11:24:18,399 INFO com.qdm.cgassessment.CareGiverAssessmentServiceApplication [restartedMain] Starting CareGiverAssessmentServiceApplication on DESKTOP-JUID77J with PID 15432 (D:\example\care-giver-assessment-service\target\classes started by Arul in D:\example\care-giver-assessment-service)
2020-08-09 11:24:18,402 DEBUG com.qdm.cgassessment.CareGiverAssessmentServiceApplication [restartedMain] Running with Spring Boot v2.3.2.RELEASE, Spring v5.2.8.RELEASE
2020-08-09 11:24:18,402 INFO com.qdm.cgassessment.CareGiverAssessmentServiceApplication [restartedMain] The following profiles are active: dev
2020-08-09 11:24:29,179 INFO com.qdm.cgassessment.CareGiverAssessmentServiceApplication [restartedMain] Started CareGiverAssessmentServiceApplication in 11.453 seconds (JVM running for 12.641)
2020-08-09 11:26:05,197 INFO com.qdm.cgassessment.CareGiverAssessmentServiceApplication [restartedMain] Starting CareGiverAssessmentServiceApplication on DESKTOP-JUID77J with PID 15432 (D:\example\care-giver-assessment-service\target\classes started by Arul in D:\example\care-giver-assessment-service)
2020-08-09 11:26:05,198 DEBUG com.qdm.cgassessment.CareGiverAssessmentServiceApplication [restartedMain] Running with Spring Boot v2.3.2.RELEASE, Spring v5.2.8.RELEASE
2020-08-09 11:26:05,198 INFO com.qdm.cgassessment.CareGiverAssessmentServiceApplication [restartedMain] The following profiles are active: dev
2020-08-09 11:26:08,903 INFO com.qdm.cgassessment.CareGiverAssessmentServiceApplication [restartedMain] Started CareGiverAssessmentServiceApplication in 3.751 seconds (JVM running for 112.364)
2020-08-09 11:26:09,174 INFO com.qdm.cgassessment.serviceimpl.InitialAssessmentServiceImpl [http-nio-8086-exec-10] Social model values SocialHistoryAssessmentModel(id=0, marital_status=null, present_occupation=developer, past_occupation=QA, religion_of_family=Hindu, emotional_status=Supportive, financial_status=Good, other_social_problems=no, genogram_tree=null)
2020-08-09 11:26:09,426 INFO com.qdm.cgassessment.controller.InitialAssessmentController [http-nio-8086-exec-10] Data saved successfully
2020-08-09 11:26:59,604 INFO com.qdm.cgassessment.serviceimpl.InitialAssessmentServiceImpl [http-nio-8086-exec-8] Social model values SocialHistoryAssessmentModel(id=0, marital_status=Single, present_occupation=developer, past_occupation=QA, religion_of_family=Hindu, emotional_status=Supportive, financial_status=Good, other_social_problems=no, genogram_tree=null)
2020-08-09 11:26:59,625 INFO com.qdm.cgassessment.controller.InitialAssessmentController [http-nio-8086-exec-8] Data saved successfully
2020-08-09 11:27:33,566 INFO com.qdm.cgassessment.serviceimpl.InitialAssessmentServiceImpl [http-nio-8086-exec-6] Social model values SocialHistoryAssessmentModel(id=0, marital_status=Single, present_occupation=developer, past_occupation=QA, religion_of_family=Hindu, emotional_status=Supportive, financial_status=Good, other_social_problems=no, genogram_tree=null)
2020-08-09 11:27:33,571 INFO com.qdm.cgassessment.controller.InitialAssessmentController [http-nio-8086-exec-6] Data saved successfully
2020-08-09 11:28:23,656 INFO com.qdm.cgassessment.CareGiverAssessmentServiceApplication [restartedMain] Starting CareGiverAssessmentServiceApplication on DESKTOP-JUID77J with PID 15432 (D:\example\care-giver-assessment-service\target\classes started by Arul in D:\example\care-giver-assessment-service)
2020-08-09 11:28:23,658 DEBUG com.qdm.cgassessment.CareGiverAssessmentServiceApplication [restartedMain] Running with Spring Boot v2.3.2.RELEASE, Spring v5.2.8.RELEASE
2020-08-09 11:28:23,658 INFO com.qdm.cgassessment.CareGiverAssessmentServiceApplication [restartedMain] The following profiles are active: dev
2020-08-09 11:28:26,873 INFO com.qdm.cgassessment.CareGiverAssessmentServiceApplication [restartedMain] Started CareGiverAssessmentServiceApplication in 3.297 seconds (JVM running for 250.335)
2020-08-09 11:28:41,392 INFO com.qdm.cgassessment.CareGiverAssessmentServiceApplication [restartedMain] Starting CareGiverAssessmentServiceApplication on DESKTOP-JUID77J with PID 15432 (D:\example\care-giver-assessment-service\target\classes started by Arul in D:\example\care-giver-assessment-service)
2020-08-09 11:28:41,392 DEBUG com.qdm.cgassessment.CareGiverAssessmentServiceApplication [restartedMain] Running with Spring Boot v2.3.2.RELEASE, Spring v5.2.8.RELEASE
2020-08-09 11:28:41,393 INFO com.qdm.cgassessment.CareGiverAssessmentServiceApplication [restartedMain] The following profiles are active: dev
2020-08-09 11:28:43,893 INFO com.qdm.cgassessment.CareGiverAssessmentServiceApplication [restartedMain] Started CareGiverAssessmentServiceApplication in 2.557 seconds (JVM running for 267.355)
2020-08-09 11:29:15,903 INFO com.qdm.cgassessment.CareGiverAssessmentServiceApplication [restartedMain] Starting CareGiverAssessmentServiceApplication on DESKTOP-JUID77J with PID 15432 (D:\example\care-giver-assessment-service\target\classes started by Arul in D:\example\care-giver-assessment-service)
2020-08-09 11:29:15,903 DEBUG com.qdm.cgassessment.CareGiverAssessmentServiceApplication [restartedMain] Running with Spring Boot v2.3.2.RELEASE, Spring v5.2.8.RELEASE
2020-08-09 11:29:15,904 INFO com.qdm.cgassessment.CareGiverAssessmentServiceApplication [restartedMain] The following profiles are active: dev
2020-08-09 11:29:18,293 INFO com.qdm.cgassessment.CareGiverAssessmentServiceApplication [restartedMain] Started CareGiverAssessmentServiceApplication in 2.456 seconds (JVM running for 301.754)
2020-08-09 11:30:12,260 INFO com.qdm.cgassessment.CareGiverAssessmentServiceApplication [restartedMain] Starting CareGiverAssessmentServiceApplication on DESKTOP-JUID77J with PID 15432 (D:\example\care-giver-assessment-service\target\classes started by Arul in D:\example\care-giver-assessment-service)
2020-08-09 11:30:12,261 DEBUG com.qdm.cgassessment.CareGiverAssessmentServiceApplication [restartedMain] Running with Spring Boot v2.3.2.RELEASE, Spring v5.2.8.RELEASE
2020-08-09 11:30:12,261 INFO com.qdm.cgassessment.CareGiverAssessmentServiceApplication [restartedMain] The following profiles are active: dev
2020-08-09 11:30:14,211 INFO com.qdm.cgassessment.CareGiverAssessmentServiceApplication [restartedMain] Started CareGiverAssessmentServiceApplication in 1.984 seconds (JVM running for 357.672)
2020-08-09 11:30:18,001 INFO com.qdm.cgassessment.serviceimpl.InitialAssessmentServiceImpl [http-nio-8086-exec-2] Social model values SocialHistoryAssessmentModel(id=0, marital_status=Single, present_occupation=developer, past_occupation=QA, religion_of_family=Hindu, emotional_status=Supportive, financial_status=Good, other_social_problems=no, genogram_tree=null)
2020-08-09 11:30:18,037 INFO com.qdm.cgassessment.controller.InitialAssessmentController [http-nio-8086-exec-2] Data saved successfully
2020-08-09 11:33:04,909 INFO com.qdm.cgassessment.CareGiverAssessmentServiceApplication [restartedMain] Starting CareGiverAssessmentServiceApplication on DESKTOP-JUID77J with PID 16284 (D:\example\care-giver-assessment-service\target\classes started by Arul in D:\example\care-giver-assessment-service)
2020-08-09 11:33:04,963 DEBUG com.qdm.cgassessment.CareGiverAssessmentServiceApplication [restartedMain] Running with Spring Boot v2.3.2.RELEASE, Spring v5.2.8.RELEASE
2020-08-09 11:33:04,964 INFO com.qdm.cgassessment.CareGiverAssessmentServiceApplication [restartedMain] The following profiles are active: dev
2020-08-09 11:33:32,415 INFO com.qdm.cgassessment.CareGiverAssessmentServiceApplication [restartedMain] Starting CareGiverAssessmentServiceApplication on DESKTOP-JUID77J with PID 14556 (D:\example\care-giver-assessment-service\target\classes started by Arul in D:\example\care-giver-assessment-service)
2020-08-09 11:33:32,424 DEBUG com.qdm.cgassessment.CareGiverAssessmentServiceApplication [restartedMain] Running with Spring Boot v2.3.2.RELEASE, Spring v5.2.8.RELEASE
2020-08-09 11:33:32,425 INFO com.qdm.cgassessment.CareGiverAssessmentServiceApplication [restartedMain] The following profiles are active: dev
2020-08-09 11:33:49,495 INFO com.qdm.cgassessment.CareGiverAssessmentServiceApplication [restartedMain] Started CareGiverAssessmentServiceApplication in 19.437 seconds (JVM running for 22.211)
2020-08-09 11:34:56,156 INFO com.qdm.cgassessment.CareGiverAssessmentServiceApplication [restartedMain] Starting CareGiverAssessmentServiceApplication on DESKTOP-JUID77J with PID 14784 (D:\example\care-giver-assessment-service\target\classes started by Arul in D:\example\care-giver-assessment-service)
2020-08-09 11:34:56,161 DEBUG com.qdm.cgassessment.CareGiverAssessmentServiceApplication [restartedMain] Running with Spring Boot v2.3.2.RELEASE, Spring v5.2.8.RELEASE
2020-08-09 11:34:56,161 INFO com.qdm.cgassessment.CareGiverAssessmentServiceApplication [restartedMain] The following profiles are active: dev
2020-08-09 11:35:07,648 INFO com.qdm.cgassessment.CareGiverAssessmentServiceApplication [restartedMain] Started CareGiverAssessmentServiceApplication in 12.201 seconds (JVM running for 13.517)
